Using pre-set license
Built from '2021.1/staging' branch; Version is '2021.1.3f1 (4bef613afd59) revision 4976481'; Using compiler version '192528614'; Build Type 'Release'
OS: 'Windows 10 Home; OS build 19042.1052; Version 2009; 64bit' Language: 'es' Physical Memory: 16333 MB
BatchMode: 1, IsHumanControllingUs: 0, StartBugReporterOnCrash: 0, Is64bit: 1, IsPro: 0

 COMMAND LINE ARGUMENTS:
D:\unity\2021.1.3f1\Editor\Unity.exe
-adb2
-batchMode
-noUpm
-name
AssetImportWorker0
-projectPath
D:/Escritorio/arcadejuego/arcade
-logFile
Logs/AssetImportWorker0.log
-srvPort
50752
Successfully changed project path to: D:/Escritorio/arcadejuego/arcade
D:/Escritorio/arcadejuego/arcade
Using Asset Import Pipeline V2.
Refreshing native plugins compatible for Editor in 134.43 ms, found 1 plugins.
Preloading 0 native plugins for Editor in 0.00 ms.
Initialize engine version: 2021.1.3f1 (4bef613afd59)
[Subsystems] Discovering subsystems at path D:/unity/2021.1.3f1/Editor/Data/Resources/UnitySubsystems
[Subsystems] Discovering subsystems at path D:/Escritorio/arcadejuego/arcade/Assets
GfxDevice: creating device client; threaded=0; jobified=0
Direct3D:
    Version:  Direct3D 11.0 [level 11.1]
    Renderer: NVIDIA GeForce GTX 1070 (ID=0x1b81)
    Vendor:   NVIDIA
    VRAM:     8088 MB
    Driver:   27.21.14.6627
Initialize mono
Mono path[0] = 'D:/unity/2021.1.3f1/Editor/Data/Managed'
Mono path[1] = 'D:/unity/2021.1.3f1/Editor/Data/MonoBleedingEdge/lib/mono/unityjit'
Mono config path = 'D:/unity/2021.1.3f1/Editor/Data/MonoBleedingEdge/etc'
Using monoOptions --debugger-agent=transport=dt_socket,embedding=1,server=y,suspend=n,address=127.0.0.1:56532
Begin MonoManager ReloadAssembly
Registering precompiled unity dll's ...
Register platform support module: D:/unity/2021.1.3f1/Editor/Data/PlaybackEngines/WindowsStandaloneSupport/UnityEditor.WindowsStandalone.Extensions.dll
Registered in 0.001688 seconds.
Native extension for WindowsStandalone target not found
Refreshing native plugins compatible for Editor in 92.90 ms, found 1 plugins.
Preloading 0 native plugins for Editor in 0.00 ms.
Mono: successfully reloaded assembly
- Completed reload, in  1.809 seconds
Platform modules already initialized, skipping
Registering precompiled user dll's ...
Registered in 0.004708 seconds.
Begin MonoManager ReloadAssembly
Native extension for WindowsStandalone target not found
Refreshing native plugins compatible for Editor in 0.48 ms, found 1 plugins.
Preloading 0 native plugins for Editor in 0.00 ms.
Mono: successfully reloaded assembly
- Completed reload, in  1.427 seconds
Platform modules already initialized, skipping
========================================================================
Worker process is ready to serve import requests
Launched and connected shader compiler UnityShaderCompiler.exe after 0.06 seconds
Refreshing native plugins compatible for Editor in 0.82 ms, found 1 plugins.
Preloading 0 native plugins for Editor in 0.00 ms.
Unloading 2751 Unused Serialized files (Serialized files now loaded: 0)
System memory in use before: 101.0 MB.
System memory in use after: 101.1 MB.

Unloading 18 unused Assets to reduce memory usage. Loaded Objects now: 3207.
Total: 3.216900 ms (FindLiveObjects: 0.535700 ms CreateObjectMapping: 0.310500 ms MarkObjects: 2.288000 ms  DeleteObjects: 0.081200 ms)

========================================================================
Received Import Request.
  path: Assets/botar.physicsMaterial2D
  artifactKey: Guid(cea3f5553aafb4949ad7a652fee92f17) Importer(815301076,1909f56bfc062723c751e8b465ee728b)
Start importing Assets/botar.physicsMaterial2D using Guid(cea3f5553aafb4949ad7a652fee92f17) Importer(815301076,1909f56bfc062723c751e8b465ee728b)  -> (artifact id: '7c81116f4c0d44bf3a5b2117cd09249f') in 0.064992 seconds 
========================================================================
Received Import Request.
  Time since last request: 0.000348 seconds.
  path: Assets/Suelo.prefab
  artifactKey: Guid(b7b1f79ab02d7474b8bbf50fa4ed73e4) Importer(815301076,1909f56bfc062723c751e8b465ee728b)
Start importing Assets/Suelo.prefab using Guid(b7b1f79ab02d7474b8bbf50fa4ed73e4) Importer(815301076,1909f56bfc062723c751e8b465ee728b)  -> (artifact id: 'ca6f126c9c94199342b94934edd1c5d7') in 0.025798 seconds 
========================================================================
Received Import Request.
  Time since last request: 22.142647 seconds.
  path: Assets/hexagon
  artifactKey: Guid(b3f01d27d98d5d74180f5dc79c58d209) Importer(815301076,1909f56bfc062723c751e8b465ee728b)
Start importing Assets/hexagon using Guid(b3f01d27d98d5d74180f5dc79c58d209) Importer(815301076,1909f56bfc062723c751e8b465ee728b)  -> (artifact id: '53941ccc393da05b7e8bdccc9cb3dad8') in 0.007149 seconds 
========================================================================
Received Import Request.
  Time since last request: 0.739146 seconds.
  path: Assets/line
  artifactKey: Guid(b9eb00b65f205ce4bac05bf13597fef6) Importer(815301076,1909f56bfc062723c751e8b465ee728b)
Start importing Assets/line using Guid(b9eb00b65f205ce4bac05bf13597fef6) Importer(815301076,1909f56bfc062723c751e8b465ee728b)  -> (artifact id: '1982b5345d2265bc408ac73e263100b7') in 0.007331 seconds 
========================================================================
Received Import Request.
  Time since last request: 1.035142 seconds.
  path: Assets/scene.cs
  artifactKey: Guid(4818da4d3a74cdd4997ff452f7088d33) Importer(815301076,1909f56bfc062723c751e8b465ee728b)
Start importing Assets/scene.cs using Guid(4818da4d3a74cdd4997ff452f7088d33) Importer(815301076,1909f56bfc062723c751e8b465ee728b)  -> (artifact id: 'ee81a1db4cbd119a8fa5f182daea01f9') in 0.033785 seconds 
========================================================================
Received Import Request.
  Time since last request: 6.084650 seconds.
  path: Assets/hexagon/62237070-radial-circular-elemento-radiante-líneas-resumen-los-rayos-vigas-efecto-de-flash.jpg
  artifactKey: Guid(d91ed1007d2d04f4ab2bb2110072569d) Importer(815301076,1909f56bfc062723c751e8b465ee728b)
Start importing Assets/hexagon/62237070-radial-circular-elemento-radiante-líneas-resumen-los-rayos-vigas-efecto-de-flash.jpg using Guid(d91ed1007d2d04f4ab2bb2110072569d) Importer(815301076,1909f56bfc062723c751e8b465ee728b)  -> (artifact id: 'f5b2ba9bbba11cf266fd2049ddb39fe9') in 0.154942 seconds 
========================================================================
Received Import Request.
  Time since last request: 0.000252 seconds.
  path: Assets/hexagon/Girassol-Regular.ttf
  artifactKey: Guid(451dbd301dc123a48b917b6528b5cc4c) Importer(815301076,1909f56bfc062723c751e8b465ee728b)
Start importing Assets/hexagon/Girassol-Regular.ttf using Guid(451dbd301dc123a48b917b6528b5cc4c) Importer(815301076,1909f56bfc062723c751e8b465ee728b)  -> (artifact id: 'cd20a46c93eeab23f9c0eae548fe5a7c') in 0.199984 seconds 
========================================================================
Received Import Request.
  Time since last request: 1.287584 seconds.
  path: Assets/hexagon/Scenes
  artifactKey: Guid(9931fac085e98c04eb0ee26744eff749) Importer(815301076,1909f56bfc062723c751e8b465ee728b)
Start importing Assets/hexagon/Scenes using Guid(9931fac085e98c04eb0ee26744eff749) Importer(815301076,1909f56bfc062723c751e8b465ee728b)  -> (artifact id: '872716859cb8ea08e14da3218e230b27') in 0.006376 seconds 
========================================================================
Received Import Request.
  Time since last request: 0.065828 seconds.
  path: Assets/hexagon/Scenes/Aberration.mp3
  artifactKey: Guid(3f1fa3451ddf7204aa4e25308629b126) Importer(815301076,1909f56bfc062723c751e8b465ee728b)
Start importing Assets/hexagon/Scenes/Aberration.mp3 using Guid(3f1fa3451ddf7204aa4e25308629b126) Importer(815301076,1909f56bfc062723c751e8b465ee728b)  -> (artifact id: 'd52a6cf4be05cc29f153ffc8713a6b3c') in 0.094065 seconds 
========================================================================
Received Import Request.
  Time since last request: 3.902977 seconds.
  path: Assets/hexagon/Scenes/1.unity
  artifactKey: Guid(d73add08d3a97dc44bf0fc5ff9f6049a) Importer(815301076,1909f56bfc062723c751e8b465ee728b)
Start importing Assets/hexagon/Scenes/1.unity using Guid(d73add08d3a97dc44bf0fc5ff9f6049a) Importer(815301076,1909f56bfc062723c751e8b465ee728b)  -> (artifact id: '619f956e48907288ff676f8a140a7070') in 0.007241 seconds 
========================================================================
Received Prepare
Registering precompiled user dll's ...
Registered in 0.003452 seconds.
Begin MonoManager ReloadAssembly
Native extension for WindowsStandalone target not found
Refreshing native plugins compatible for Editor in 0.49 ms, found 1 plugins.
Preloading 0 native plugins for Editor in 0.00 ms.
Mono: successfully reloaded assembly
- Completed reload, in  1.101 seconds
Platform modules already initialized, skipping
Refreshing native plugins compatible for Editor in 0.46 ms, found 1 plugins.
Preloading 0 native plugins for Editor in 0.00 ms.
Unloading 2747 Unused Serialized files (Serialized files now loaded: 0)
System memory in use before: 110.2 MB.
System memory in use after: 110.4 MB.

Unloading 9 unused Assets to reduce memory usage. Loaded Objects now: 3289.
Total: 2.148200 ms (FindLiveObjects: 0.303900 ms CreateObjectMapping: 0.134200 ms MarkObjects: 1.673200 ms  DeleteObjects: 0.035700 ms)

AssetImportWorkerClient::OnTransportError - code=2 error=End of file
